0 info it worked if it ends with ok
1 verbose cli [ 'C:\\Program Files\\nodejs\\\\node.exe',
1 verbose cli   'C:\\Program Files\\nodejs\\node_modules\\npm\\bin\\npm-cli.js',
1 verbose cli   'publish' ]
2 info using npm@2.11.3
3 info using node@v0.12.7
4 verbose publish [ '.' ]
5 silly cache add args [ '.', null ]
6 verbose cache add spec .
7 silly cache add parsed spec { raw: '.',
7 silly cache add   scope: null,
7 silly cache add   name: null,
7 silly cache add   rawSpec: '.',
7 silly cache add   spec: 'C:\\Users\\vmaha\\code\\vivmaha\\client-rect-notifications',
7 silly cache add   type: 'directory' }
8 verbose addLocalDirectory C:\Users\vmaha\AppData\Roaming\npm-cache\client-rect-notifications\0.0.1\package.tgz not in flight; packing
9 verbose tar pack [ 'C:\\Users\\vmaha\\AppData\\Roaming\\npm-cache\\client-rect-notifications\\0.0.1\\package.tgz',
9 verbose tar pack   'C:\\Users\\vmaha\\code\\vivmaha\\client-rect-notifications' ]
10 verbose tarball C:\Users\vmaha\AppData\Roaming\npm-cache\client-rect-notifications\0.0.1\package.tgz
11 verbose folder C:\Users\vmaha\code\vivmaha\client-rect-notifications
12 info prepublish client-rect-notifications@0.0.1
13 verbose addLocalTarball adding from inside cache C:\Users\vmaha\AppData\Roaming\npm-cache\client-rect-notifications\0.0.1\package.tgz
14 silly cache afterAdd client-rect-notifications@0.0.1
15 verbose afterAdd C:\Users\vmaha\AppData\Roaming\npm-cache\client-rect-notifications\0.0.1\package\package.json not in flight; writing
16 verbose afterAdd C:\Users\vmaha\AppData\Roaming\npm-cache\client-rect-notifications\0.0.1\package\package.json written
17 silly publish { name: 'client-rect-notifications',
17 silly publish   version: '0.0.1',
17 silly publish   description: 'Provides notifications for changes in the position of an HTML element relative to the viewport.',
17 silly publish   keywords:
17 silly publish    [ 'getboundingclientrect',
17 silly publish      'htmlElement',
17 silly publish      'rect',
17 silly publish      'client',
17 silly publish      'bounding',
17 silly publish      'window',
17 silly publish      'viewport',
17 silly publish      'visible',
17 silly publish      'view',
17 silly publish      'notifications',
17 silly publish      'callback' ],
17 silly publish   homepage: 'https://vivmaha.github.io/client-rect-notifications',
17 silly publish   main: 'src/modules/client-rect-notifications',
17 silly publish   dependencies: {},
17 silly publish   devDependencies:
17 silly publish    { angular: '^1.4.9',
17 silly publish      'angular-route': '^1.4.9',
17 silly publish      autoprefixer: '^6.3.1',
17 silly publish      'babel-preset-es2015': '^6.9.0',
17 silly publish      babelify: '^7.3.0',
17 silly publish      grunt: '^1.0.1',
17 silly publish      'grunt-browserify': '^5.0.0',
17 silly publish      'grunt-cli': '^1.2.0',
17 silly publish      'grunt-contrib-clean': '^1.0.0',
17 silly publish      'grunt-contrib-connect': '^1.0.1',
17 silly publish      'grunt-contrib-copy': '^1.0.0',
17 silly publish      'grunt-contrib-watch': '^1.0.0',
17 silly publish      'grunt-postcss': '^0.8.0',
17 silly publish      'grunt-sass': '^1.1.0',
17 silly publish      'throttled-event-listener': '0.0.2' },
17 silly publish   author: { name: 'Vivek Maharajh', email: 'vivmaha@live.com' },
17 silly publish   files:
17 silly publish    [ 'src/modules/client-rect-notifications.js',
17 silly publish      'src/modules/throttled-event-listener.js' ],
17 silly publish   license: 'MIT',
17 silly publish   repository:
17 silly publish    { type: 'git',
17 silly publish      url: 'git+https://github.com/vivmaha/client-rect-notifications.git' },
17 silly publish   readme: '# client-rect-notifications\r\nProvides notifications for changes in the position of an HTML element relative to the viewport.\r\n\r\n# [Demo](https://vivmaha.github.io/client-rect-notifications)\r\n\r\n# Install\r\n\r\n    $ npm install --save-dev client-rect-notifications\r\n\r\n# Usage\r\n  \r\n    var htmlElement = ...;\r\n\tvar clientRectNotifications = require(\'client-rect-notifications\');\r\n\tclientRectNotifications.add(\r\n\t    htmlElement ,\r\n\t    {\r\n\t        completelyOutOfView : function() {\r\n\t            // do something\r\n\t        }, \r\n\t        completelyInView : function() {\r\n\t            // do something\r\n\t        },\r\n\t        mostlyInView : function() {\r\n\t            // do something\r\n\t        },\r\n\t        partiallyInView : function() {\r\n\t            // do something\r\n\t        }\r\n\t    }\r\n\t);\r\n\r\n# Build\r\n\r\n    $ git clone ...\r\n    $ npm install\r\n    $ grunt serve\r\n\r\n    // Deployed to http://localhost:9001/\r\n',
17 silly publish   readmeFilename: 'README.md',
17 silly publish   gitHead: 'bfc21558fc552fef5acd81dd3919efaf67ec7e9b',
17 silly publish   bugs: { url: 'https://github.com/vivmaha/client-rect-notifications/issues' },
17 silly publish   _id: 'client-rect-notifications@0.0.1',
17 silly publish   scripts: {},
17 silly publish   _shasum: 'e62d083938b35c9dea71d9a350af4174e32c458a',
17 silly publish   _from: '.' }
18 verbose getPublishConfig undefined
19 silly mapToRegistry name client-rect-notifications
20 silly mapToRegistry using default registry
21 silly mapToRegistry registry https://registry.npmjs.org/
22 silly mapToRegistry uri https://registry.npmjs.org/client-rect-notifications
23 verbose publish registryBase https://registry.npmjs.org/
24 silly publish uploading C:\Users\vmaha\AppData\Roaming\npm-cache\client-rect-notifications\0.0.1\package.tgz
25 verbose request uri https://registry.npmjs.org/client-rect-notifications
26 verbose request sending authorization for write operation
27 info attempt registry request try #1 at 1:58:26 PM
28 verbose request using bearer token for auth
29 verbose request id ad38bb77bcf74630
30 http request PUT https://registry.npmjs.org/client-rect-notifications
31 http 403 https://registry.npmjs.org/client-rect-notifications
32 verbose headers { 'content-type': 'application/json',
32 verbose headers   'cache-control': 'max-age=300',
32 verbose headers   'content-length': '95',
32 verbose headers   'accept-ranges': 'bytes',
32 verbose headers   date: 'Tue, 28 Jun 2016 20:58:27 GMT',
32 verbose headers   via: '1.1 varnish',
32 verbose headers   connection: 'keep-alive',
32 verbose headers   'x-served-by': 'cache-lax1437-LAX',
32 verbose headers   'x-cache': 'MISS',
32 verbose headers   'x-cache-hits': '0',
32 verbose headers   'x-timer': 'S1467147506.704844,VS0,VE521',
32 verbose headers   vary: 'Accept-Encoding' }
33 verbose request invalidating C:\Users\vmaha\AppData\Roaming\npm-cache\registry.npmjs.org\client-rect-notifications on PUT
34 error publish Failed PUT 403
35 verbose stack Error: "You cannot publish over the previously published version 0.0.1." : client-rect-notifications
35 verbose stack     at CachingRegistryClient.<anonymous> (C:\Program Files\nodejs\node_modules\npm\node_modules\npm-registry-client\lib\request.js:247:14)
35 verbose stack     at Request._callback (C:\Program Files\nodejs\node_modules\npm\node_modules\npm-registry-client\lib\request.js:170:14)
35 verbose stack     at Request.self.callback (C:\Program Files\nodejs\node_modules\npm\node_modules\request\request.js:354:22)
35 verbose stack     at Request.emit (events.js:110:17)
35 verbose stack     at Request.<anonymous> (C:\Program Files\nodejs\node_modules\npm\node_modules\request\request.js:1207:14)
35 verbose stack     at Request.emit (events.js:129:20)
35 verbose stack     at IncomingMessage.<anonymous> (C:\Program Files\nodejs\node_modules\npm\node_modules\request\request.js:1153:12)
35 verbose stack     at IncomingMessage.emit (events.js:129:20)
35 verbose stack     at _stream_readable.js:908:16
35 verbose stack     at process._tickCallback (node.js:355:11)
36 verbose statusCode 403
37 verbose pkgid client-rect-notifications
38 verbose cwd C:\Users\vmaha\code\vivmaha\client-rect-notifications
39 error Windows_NT 6.3.9600
40 error argv "C:\\Program Files\\nodejs\\\\node.exe" "C:\\Program Files\\nodejs\\node_modules\\npm\\bin\\npm-cli.js" "publish"
41 error node v0.12.7
42 error npm  v2.11.3
43 error code E403
44 error "You cannot publish over the previously published version 0.0.1." : client-rect-notifications
45 error If you need help, you may report this error at:
45 error     <https://github.com/npm/npm/issues>
46 verbose exit [ 1, true ]
